# JRE version: Java(TM) SE Runtime Environment (13.0.2+8) (build 13.0.2+8)
# Java VM: Java HotSpot(TM) 64-Bit Server VM (13.0.2+8, mixed mode, sharing, tiered, compressed oops, g1 gc, windows-amd64)
Heap:
 garbage-first heap   total 126976K, used 42895K [0x0000000082000000, 0x0000000100000000)
  region size 1024K, 6 young (6144K), 3 survivors (3072K)
 Metaspace       used 62113K, capacity 64037K, committed 64256K, reserved 1103872K
  class space    used 8394K, capacity 9116K, committed 9216K, reserved 1048576K
GC Heap History (20 events):
Event: 7.595 GC heap before
{Heap before GC invocations=23 (full 0):
 garbage-first heap   total 105472K, used 75899K [0x0000000082000000, 0x0000000100000000)
  region size 1024K, 45 young (46080K), 4 survivors (4096K)
 Metaspace       used 50756K, capacity 52233K, committed 52352K, reserved 1093632K
  class space    used 6920K, capacity 7482K, committed 7552K, reserved 1048576K
}
Event: 7.601 GC heap after
{Heap after GC invocations=24 (full 0):
 garbage-first heap   total 105472K, used 36582K [0x0000000082000000, 0x0000000100000000)
  region size 1024K, 5 young (5120K), 5 survivors (5120K)
 Metaspace       used 50756K, capacity 52233K, committed 52352K, reserved 1093632K
  class space    used 6920K, capacity 7482K, committed 7552K, reserved 1048576K
}
Event: 7.912 GC heap before
{Heap before GC invocations=24 (full 0):
 garbage-first heap   total 105472K, used 78566K [0x0000000082000000, 0x0000000100000000)
  region size 1024K, 46 young (47104K), 5 survivors (5120K)
 Metaspace       used 52008K, capacity 53493K, committed 53760K, reserved 1095680K
  class space    used 7092K, capacity 7666K, committed 7680K, reserved 1048576K
}
Event: 7.919 GC heap after
{Heap after GC invocations=25 (full 0):
 garbage-first heap   total 126976K, used 38467K [0x0000000082000000, 0x0000000100000000)
  region size 1024K, 5 young (5120K), 5 survivors (5120K)
 Metaspace       used 52008K, capacity 53493K, committed 53760K, reserved 1095680K
  class space    used 7092K, capacity 7666K, committed 7680K, reserved 1048576K
}
Event: 8.269 GC heap before
{Heap before GC invocations=25 (full 0):
 garbage-first heap   total 126976K, used 88643K [0x0000000082000000, 0x0000000100000000)
  region size 1024K, 54 young (55296K), 5 survivors (5120K)
 Metaspace       used 53080K, capacity 54607K, committed 54784K, reserved 1095680K
  class space    used 7260K, capacity 7847K, committed 7936K, reserved 1048576K
}
Event: 8.275 GC heap after
{Heap after GC invocations=26 (full 0):
 garbage-first heap   total 126976K, used 40371K [0x0000000082000000, 0x0000000100000000)
  region size 1024K, 4 young (4096K), 4 survivors (4096K)
 Metaspace       used 53080K, capacity 54607K, committed 54784K, reserved 1095680K
  class space    used 7260K, capacity 7847K, committed 7936K, reserved 1048576K
}
Event: 8.780 GC heap before
{Heap before GC invocations=26 (full 0):
 garbage-first heap   total 126976K, used 90547K [0x0000000082000000, 0x0000000100000000)
  region size 1024K, 53 young (54272K), 4 survivors (4096K)
 Metaspace       used 56409K, capacity 58075K, committed 58240K, reserved 1099776K
  class space    used 7669K, capacity 8295K, committed 8320K, reserved 1048576K
}
Event: 8.787 GC heap after
{Heap after GC invocations=27 (full 0):
 garbage-first heap   total 126976K, used 41660K [0x0000000082000000, 0x0000000100000000)
  region size 1024K, 5 young (5120K), 5 survivors (5120K)
 Metaspace       used 56409K, capacity 58075K, committed 58240K, reserved 1099776K
  class space    used 7669K, capacity 8295K, committed 8320K, reserved 1048576K
}
Event: 145.531 GC heap before
{Heap before GC invocations=27 (full 0):
 garbage-first heap   total 126976K, used 64188K [0x0000000082000000, 0x0000000100000000)
  region size 1024K, 28 young (28672K), 5 survivors (5120K)
 Metaspace       used 58563K, capacity 60221K, committed 60288K, reserved 1101824K
  class space    used 7903K, capacity 8542K, committed 8576K, reserved 1048576K
}
Event: 145.540 GC heap after
{Heap after GC invocations=28 (full 0):
 garbage-first heap   total 126976K, used 42806K [0x0000000082000000, 0x0000000100000000)
  region size 1024K, 5 young (5120K), 5 survivors (5120K)
 Metaspace       used 58563K, capacity 60221K, committed 60288K, reserved 1101824K
  class space    used 7903K, capacity 8542K, committed 8576K, reserved 1048576K
}
Event: 149.717 GC heap before
{Heap before GC invocations=29 (full 0):
 garbage-first heap   total 126976K, used 89910K [0x0000000082000000, 0x0000000100000000)
  region size 1024K, 52 young (53248K), 5 survivors (5120K)
 Metaspace       used 61324K, capacity 63052K, committed 63232K, reserved 1103872K
  class space    used 8274K, capacity 8927K, committed 8960K, reserved 1048576K
}
Event: 149.724 GC heap after
{Heap after GC invocations=30 (full 0):
 garbage-first heap   total 126976K, used 43861K [0x0000000082000000, 0x0000000100000000)
  region size 1024K, 5 young (5120K), 5 survivors (5120K)
 Metaspace       used 61324K, capacity 63052K, committed 63232K, reserved 1103872K
  class space    used 8274K, capacity 8927K, committed 8960K, reserved 1048576K
}
Event: 152.084 GC heap before
{Heap before GC invocations=30 (full 0):
 garbage-first heap   total 126976K, used 44885K [0x0000000082000000, 0x0000000100000000)
  region size 1024K, 6 young (6144K), 5 survivors (5120K)
 Metaspace       used 61378K, capacity 63052K, committed 63232K, reserved 1103872K
  class space    used 8281K, capacity 8927K, committed 8960K, reserved 1048576K
}
Event: 152.098 GC heap after
{Heap after GC invocations=31 (full 0):
 garbage-first heap   total 126976K, used 39547K [0x0000000082000000, 0x0000000100000000)
  region size 1024K, 1 young (1024K), 1 survivors (1024K)
 Metaspace       used 61378K, capacity 63052K, committed 63232K, reserved 1103872K
  class space    used 8281K, capacity 8927K, committed 8960K, reserved 1048576K
}
Event: 157.169 GC heap before
{Heap before GC invocations=31 (full 0):
 garbage-first heap   total 126976K, used 90747K [0x0000000082000000, 0x0000000100000000)
  region size 1024K, 52 young (53248K), 1 survivors (1024K)
 Metaspace       used 61583K, capacity 63293K, committed 63616K, reserved 1103872K
  class space    used 8309K, capacity 8965K, committed 9088K, reserved 1048576K
}
Event: 157.172 GC heap after
{Heap after GC invocations=32 (full 0):
 garbage-first heap   total 126976K, used 39944K [0x0000000082000000, 0x0000000100000000)
  region size 1024K, 2 young (2048K), 2 survivors (2048K)
 Metaspace       used 61583K, capacity 63293K, committed 63616K, reserved 1103872K
  class space    used 8309K, capacity 8965K, committed 9088K, reserved 1048576K
}
Event: 248.750 GC heap before
{Heap before GC invocations=32 (full 0):
 garbage-first heap   total 126976K, used 94216K [0x0000000082000000, 0x0000000100000000)
  region size 1024K, 55 young (56320K), 2 survivors (2048K)
 Metaspace       used 61894K, capacity 63796K, committed 63872K, reserved 1103872K
  class space    used 8370K, capacity 9079K, committed 9088K, reserved 1048576K
}
Event: 248.752 GC heap after
{Heap after GC invocations=33 (full 0):
 garbage-first heap   total 126976K, used 40302K [0x0000000082000000, 0x0000000100000000)
  region size 1024K, 2 young (2048K), 2 survivors (2048K)
 Metaspace       used 61894K, capacity 63796K, committed 63872K, reserved 1103872K
  class space    used 8370K, capacity 9079K, committed 9088K, reserved 1048576K
}
Event: 422.637 GC heap before
{Heap before GC invocations=33 (full 0):
 garbage-first heap   total 126976K, used 95598K [0x0000000082000000, 0x0000000100000000)
  region size 1024K, 57 young (58368K), 2 survivors (2048K)
 Metaspace       used 62086K, capacity 64037K, committed 64256K, reserved 1103872K
  class space    used 8393K, capacity 9116K, committed 9216K, reserved 1048576K
}
Event: 422.640 GC heap after
{Heap after GC invocations=34 (full 0):
 garbage-first heap   total 126976K, used 40847K [0x0000000082000000, 0x0000000100000000)
  region size 1024K, 3 young (3072K), 3 survivors (3072K)
 Metaspace       used 62086K, capacity 64037K, committed 64256K, reserved 1103872K
  class space    used 8393K, capacity 9116K, committed 9216K, reserved 1048576K
}

